<?xml version="1.0" encoding="UTF-8" standalone="yes" ?>
<test-results name="D:\Projects\CodeImatic.share\build\CodeImatic.share.test.exe" total="3" errors="0" failures="1" ignored="0" inconclusive="0" not-run="0" skipped="0" invalid="0" date="2023-08-26" time="0.219">
  <culture-info current-culture="en" current-uiculture="en" />
  <test-suite type="Assembly" name="CodeImatic.share.test.exe" executed="true" result="Failure" success="False" time="0.219" asserts="0">
    <results>
        <test-suite type="Namespace" name="ObjectPascalTest" executed="true" result="Failure" success="False" time="0.218" asserts="0" >
          <results>
              <test-suite type="Fixture" name="TCodeImaticShareTestObject" executed="True" result="Failure" success="False" time="0.218" >
                <results>
                  <test-case name="CompleObjectPascalTest" executed="True" result="Failure" success="False" time="0.219" asserts="0" >
                    <failure>
                      <message>
                        <![CDATA[ Condition is False when True expected. [This test intentionally fails] ]]>
                      </message>
                      <stack-trace>
                        <![CDATA[  ]]>
                      </stack-trace>
                    </failure>
                  </test-case>
                  <test-case name="Test2.TestA" executed="True" result="Success" success="True" time="0.000" asserts="0" />
                  <test-case name="Test2.TestB" executed="True" result="Success" success="True" time="0.000" asserts="0" />
                </results>
              </test-suite>
          </results>
        </test-suite>
    </results>
  </test-suite>
</test-results>
